This is pdfTeX, Version 3.14159265-2.6-1.40.18 (TeX Live 2017/MacPorts 2017_0) (preloaded format=pdflatex 2017.7.30)  11 OCT 2020 00:07
entering extended mode
 restricted \write18 enabled.
 %&-line parsing enabled.
**supp.tex
(./supp.tex
LaTeX2e <2017-04-15>
Babel <3.10> and hyphenation patterns for 46 language(s) loaded.
(/opt/local/share/texmf-texlive/tex/latex/revtex4-2.cls
Document Class: revtex4-2 2019/01/18/14:29:48 4.2c (https://journals.aps.org/re
vtex/ for documentation)
 Copyright (c) 2019 American Physical Society.
 mailto:revtex@aps.org
 Licensed under the LPPL:
http://www.ctan.org/tex-archive/macros/latex/base/lppl.txt
 Arthur Ogawa <arthur_ogawa at sbcglobal dot net>
 Based on work by David Carlisle <david at dcarlisle.demon.co.uk>Version (4.2c)
: Modified by Mark Doyle
 .
ltxutil[2019/01/18/14:29:48 4.2c utilities package (portions licensed from W. E
. Baxter web at superscript.com)]
LaTeX Info: Redefining \@centercr on input line 315.
Class revtex4-2 Info: Repairing broken LaTeX eqnarray on input line 365.
\eqncolsep=\skip41
Class revtex4-2 Info: Repairing hyperref-unfriendly LaTeX definition of \mpfoot
note on input line 440.
Class revtex4-2 Info: Repairing broken LateX \@sect on input line 762.
\intertabularlinepenalty=\count79
\@tbpen=\count80
\@arstrutbox@hline=\box26
Class revtex4-2 Info: Repairing broken LaTeX \@xbitor on input line 1793.
Class revtex4-2 Info: Making \typeout \long on input line 2053.
ltxfront[2019/01/18/14:29:48 4.2c frontmatter package (AO,DPC,MD)]
\c@affil=\count81
\c@collab=\count82
\absbox=\box27
ltxgrid[2019/01/18/14:29:48 4.2c page grid package (portions licensed from W. E
. Baxter web at superscript.com)]
\c@linecount=\count83
\output@latex=\toks14
\box@size@1=\box28
\box@size@2=\box29
\@protection@box=\box30
\@topmark@saved=\toks15
\footins@saved=\box31
\footins@recovered=\box32
\column@recovered=\box33
\pagesofar=\box34
\footsofar=\box35
\pagegrid@col=\count84
Class revtex4-2 Info: Overriding \@vspace, \@vspacer, \@no@pgbk, \@newline, and
 \\  on input line 5585.
\c@part=\count85
\c@section=\count86
\c@subsection=\count87
\c@subsubsection=\count88
\c@paragraph=\count89
\c@subparagraph=\count90
\abovecaptionskip=\skip42
\belowcaptionskip=\skip43
\c@figure=\count91
\fbox@1=\box36
\c@table=\count92
\fbox@2=\box37
\c@video=\count93
\fbox@4=\box38
\@bibdataout=\write3
\widetext@top=\box39
\widetext@bot=\box40
Class revtex4-2 Info: Selecting society aps on input line 7581.
(/opt/local/share/texmf-texlive/tex/latex/aps4-2.rtx
File: aps4-2 2019/01/18/14:29:48 4.2c (https://journals.aps.org/revtex/ for doc
umentation)
Class revtex4-2 Info: RevTeX society APS selected on input line 37.
)
Class revtex4-2 Info: Selecting journal prl on input line 7583.
Class revtex4-2 Info: APS journal PRL selected on input line 7584.


Class revtex4-2 Warning: No type size specified, using default 10.

(/opt/local/share/texmf-texlive/tex/latex/aps10pt4-2.rtx
File: aps10pt4-2 2019/01/18/14:29:48 4.2c (https://journals.aps.org/revtex/ for
 documentation)
Class revtex4-2 Info: RevTeX pointsize 10pt selected on input line 36.
)
(/opt/local/share/texmf-texlive/tex/latex/textcase/textcase.sty
Package: textcase 2004/10/07 v0.07 Text only upper/lower case changing (DPC)
)
(/opt/local/share/texmf-texlive/tex/latex/url/url.sty
\Urlmuskip=\muskip10
Package: url 2013/09/16  ver 3.4  Verb mode for urls, etc.
)
(/opt/local/share/texmf-texlive/tex/latex/natbib/natbib.sty
Package: natbib 2010/09/13 8.31b (PWD, AO)
\bibhang=\skip44
\bibsep=\skip45
LaTeX Info: Redefining \cite on input line 694.
\c@NAT@ctr=\count94
)
Class revtex4-2 Info: Repairing natbib's \BibitemShut on input line 7588.

(/opt/local/share/texmf-texlive/tex/latex/revsymb4-2.sty
Package: revsymb4-2 2019/01/18/14:29:48 4.2c (https://journals.aps.org/revtex/ 
for documentation)
LaTeX Info: Redefining \REV@mathfrak on input line 125.
))
(/opt/local/share/texmf-texlive/tex/latex/comment/comment.sty
\CommentStream=\write4

Excluding comment 'comment')
(/opt/local/share/texmf-texlive/tex/latex/graphics/graphicx.sty
Package: graphicx 2014/10/28 v1.0g Enhanced LaTeX Graphics (DPC,SPQR)

(/opt/local/share/texmf-texlive/tex/latex/graphics/keyval.sty
Package: keyval 2014/10/28 v1.15 key=value parser (DPC)
\KV@toks@=\toks16
)
(/opt/local/share/texmf-texlive/tex/latex/graphics/graphics.sty
Package: graphics 2017/04/14 v1.1b Standard LaTeX Graphics (DPC,SPQR)

(/opt/local/share/texmf-texlive/tex/latex/graphics/trig.sty
Package: trig 2016/01/03 v1.10 sin cos tan (DPC)
)
(/opt/local/share/texmf-texlive/tex/latex/graphics-cfg/graphics.cfg
File: graphics.cfg 2016/06/04 v1.11 sample graphics configuration
)
Package graphics Info: Driver file: pdftex.def on input line 99.

(/opt/local/share/texmf-texlive/tex/latex/graphics-def/pdftex.def
File: pdftex.def 2017/01/12 v0.06k Graphics/color for pdfTeX

(/opt/local/share/texmf-texlive/tex/generic/oberdiek/infwarerr.sty
Package: infwarerr 2016/05/16 v1.4 Providing info/warning/error messages (HO)
)
(/opt/local/share/texmf-texlive/tex/generic/oberdiek/ltxcmds.sty
Package: ltxcmds 2016/05/16 v1.23 LaTeX kernel commands for general use (HO)
)
\Gread@gobject=\count95
))
\Gin@req@height=\dimen102
\Gin@req@width=\dimen103
)
(/opt/local/share/texmf-texlive/tex/latex/ms/ragged2e.sty
Package: ragged2e 2009/05/21 v2.1 ragged2e Package (MS)

(/opt/local/share/texmf-texlive/tex/latex/ms/everysel.sty
Package: everysel 2011/10/28 v1.2 EverySelectfont Package (MS)
)
\CenteringLeftskip=\skip46
\RaggedLeftLeftskip=\skip47
\RaggedRightLeftskip=\skip48
\CenteringRightskip=\skip49
\RaggedLeftRightskip=\skip50
\RaggedRightRightskip=\skip51
\CenteringParfillskip=\skip52
\RaggedLeftParfillskip=\skip53
\RaggedRightParfillskip=\skip54
\JustifyingParfillskip=\skip55
\CenteringParindent=\skip56
\RaggedLeftParindent=\skip57
\RaggedRightParindent=\skip58
\JustifyingParindent=\skip59
)
(/opt/local/share/texmf-texlive/tex/latex/tools/dcolumn.sty
Package: dcolumn 2014/10/28 v1.06 decimal alignment package (DPC)

(/opt/local/share/texmf-texlive/tex/latex/tools/array.sty
Package: array 2016/10/06 v2.4d Tabular extension package (FMi)
\col@sep=\dimen104
\extrarowheight=\dimen105
\NC@list=\toks17
\extratabsurround=\skip60
\backup@length=\skip61
))
(/opt/local/share/texmf-texlive/tex/latex/tools/bm.sty
Package: bm 2017/01/16 v1.2c Bold Symbol Support (DPC/FMi)
\symboldoperators=\mathgroup4
\symboldletters=\mathgroup5
\symboldsymbols=\mathgroup6
LaTeX Font Info:    Redeclaring math alphabet \mathbf on input line 141.
LaTeX Info: Redefining \bm on input line 207.
)
(/opt/local/share/texmf-texlive/tex/latex/amsfonts/amssymb.sty
Package: amssymb 2013/01/14 v3.01 AMS font symbols

(/opt/local/share/texmf-texlive/tex/latex/amsfonts/amsfonts.sty
Package: amsfonts 2013/01/14 v3.01 Basic AMSFonts support
\@emptytoks=\toks18
\symAMSa=\mathgroup7
\symAMSb=\mathgroup8
LaTeX Font Info:    Overwriting math alphabet `\mathfrak' in version `bold'
(Font)                  U/euf/m/n --> U/euf/b/n on input line 106.
LaTeX Info: Redefining \frak on input line 111.
LaTeX Info: Redefining \Bbb on input line 113.
))
(/opt/local/share/texmf-texlive/tex/latex/amsmath/amsmath.sty
Package: amsmath 2016/11/05 v2.16a AMS math features
\@mathmargin=\skip62

For additional information on amsmath, use the `?' option.
(/opt/local/share/texmf-texlive/tex/latex/amsmath/amstext.sty
Package: amstext 2000/06/29 v2.01 AMS text

(/opt/local/share/texmf-texlive/tex/latex/amsmath/amsgen.sty
File: amsgen.sty 1999/11/30 v2.0 generic functions
\@emptytoks=\toks19
\ex@=\dimen106
)
LaTeX Info: Redefining \text on input line 28.
)
(/opt/local/share/texmf-texlive/tex/latex/amsmath/amsbsy.sty
Package: amsbsy 1999/11/29 v1.2d Bold Symbols
LaTeX Info: Redefining \boldsymbol on input line 28.
\pmbraise@=\dimen107
)
(/opt/local/share/texmf-texlive/tex/latex/amsmath/amsopn.sty
Package: amsopn 2016/03/08 v2.02 operator names
)
\inf@bad=\count96
LaTeX Info: Redefining \frac on input line 213.
\uproot@=\count97
\leftroot@=\count98
LaTeX Info: Redefining \overline on input line 375.
\classnum@=\count99
\DOTSCASE@=\count100
LaTeX Info: Redefining \ldots on input line 472.
LaTeX Info: Redefining \dots on input line 475.
LaTeX Info: Redefining \cdots on input line 596.
\Mathstrutbox@=\box41
\strutbox@=\box42
\big@size=\dimen108
LaTeX Font Info:    Redeclaring font encoding OML on input line 712.
LaTeX Font Info:    Redeclaring font encoding OMS on input line 713.
\macc@depth=\count101
\c@MaxMatrixCols=\count102
\dotsspace@=\muskip11
\c@parentequation=\count103
\dspbrk@lvl=\count104
\tag@help=\toks20
\row@=\count105
\column@=\count106
\maxfields@=\count107
\andhelp@=\toks21
\eqnshift@=\dimen109
\alignsep@=\dimen110
\tagshift@=\dimen111
\tagwidth@=\dimen112
\totwidth@=\dimen113
\lineht@=\dimen114
\@envbody=\toks22
\multlinegap=\skip63
\multlinetaggap=\skip64
\mathdisplay@stack=\toks23
LaTeX Info: Redefining \[ on input line 2817.
LaTeX Info: Redefining \] on input line 2818.
)
(/opt/local/share/texmf-texlive/tex/latex/geometry/geometry.sty
Package: geometry 2010/09/12 v5.6 Page Geometry

(/opt/local/share/texmf-texlive/tex/generic/oberdiek/ifpdf.sty
Package: ifpdf 2017/03/15 v3.2 Provides the ifpdf switch
)
(/opt/local/share/texmf-texlive/tex/generic/oberdiek/ifvtex.sty
Package: ifvtex 2016/05/16 v1.6 Detect VTeX and its facilities (HO)
Package ifvtex Info: VTeX not detected.
)
(/opt/local/share/texmf-texlive/tex/generic/ifxetex/ifxetex.sty
Package: ifxetex 2010/09/12 v0.6 Provides ifxetex conditional
)
\Gm@cnth=\count108
\Gm@cntv=\count109
\c@Gm@tempcnt=\count110
\Gm@bindingoffset=\dimen115
\Gm@wd@mp=\dimen116
\Gm@odd@mp=\dimen117
\Gm@even@mp=\dimen118
\Gm@layoutwidth=\dimen119
\Gm@layoutheight=\dimen120
\Gm@layouthoffset=\dimen121
\Gm@layoutvoffset=\dimen122
\Gm@dimlist=\toks24
)
(/opt/local/share/texmf-texlive/tex/latex/hyperref/hyperref.sty
Package: hyperref 2017/03/14 v6.85a Hypertext links for LaTeX

(/opt/local/share/texmf-texlive/tex/generic/oberdiek/hobsub-hyperref.sty
Package: hobsub-hyperref 2016/05/16 v1.14 Bundle oberdiek, subset hyperref (HO)


(/opt/local/share/texmf-texlive/tex/generic/oberdiek/hobsub-generic.sty
Package: hobsub-generic 2016/05/16 v1.14 Bundle oberdiek, subset generic (HO)
Package: hobsub 2016/05/16 v1.14 Construct package bundles (HO)
Package hobsub Info: Skipping package `infwarerr' (already loaded).
Package hobsub Info: Skipping package `ltxcmds' (already loaded).
Package: ifluatex 2016/05/16 v1.4 Provides the ifluatex switch (HO)
Package ifluatex Info: LuaTeX not detected.
Package hobsub Info: Skipping package `ifvtex' (already loaded).
Package: intcalc 2016/05/16 v1.2 Expandable calculations with integers (HO)
Package hobsub Info: Skipping package `ifpdf' (already loaded).
Package: etexcmds 2016/05/16 v1.6 Avoid name clashes with e-TeX commands (HO)
Package etexcmds Info: Could not find \expanded.
(etexcmds)             That can mean that you are not using pdfTeX 1.50 or
(etexcmds)             that some package has redefined \expanded.
(etexcmds)             In the latter case, load this package earlier.
Package: kvsetkeys 2016/05/16 v1.17 Key value parser (HO)
Package: kvdefinekeys 2016/05/16 v1.4 Define keys (HO)
Package: pdftexcmds 2017/03/19 v0.25 Utility functions of pdfTeX for LuaTeX (HO
)
Package pdftexcmds Info: LuaTeX not detected.
Package pdftexcmds Info: \pdf@primitive is available.
Package pdftexcmds Info: \pdf@ifprimitive is available.
Package pdftexcmds Info: \pdfdraftmode found.
Package: pdfescape 2016/05/16 v1.14 Implements pdfTeX's escape features (HO)
Package: bigintcalc 2016/05/16 v1.4 Expandable calculations on big integers (HO
)
Package: bitset 2016/05/16 v1.2 Handle bit-vector datatype (HO)
Package: uniquecounter 2016/05/16 v1.3 Provide unlimited unique counter (HO)
)
Package hobsub Info: Skipping package `hobsub' (already loaded).
Package: letltxmacro 2016/05/16 v1.5 Let assignment for LaTeX macros (HO)
Package: hopatch 2016/05/16 v1.3 Wrapper for package hooks (HO)
Package: xcolor-patch 2016/05/16 xcolor patch
Package: atveryend 2016/05/16 v1.9 Hooks at the very end of document (HO)
Package: atbegshi 2016/06/09 v1.18 At begin shipout hook (HO)
Package: refcount 2016/05/16 v3.5 Data extraction from label references (HO)
Package: hycolor 2016/05/16 v1.8 Color options for hyperref/bookmark (HO)
)
(/opt/local/share/texmf-texlive/tex/latex/oberdiek/auxhook.sty
Package: auxhook 2016/05/16 v1.4 Hooks for auxiliary files (HO)
)
(/opt/local/share/texmf-texlive/tex/latex/oberdiek/kvoptions.sty
Package: kvoptions 2016/05/16 v3.12 Key value format for package options (HO)
)
\@linkdim=\dimen123
\Hy@linkcounter=\count111
\Hy@pagecounter=\count112

(/opt/local/share/texmf-texlive/tex/latex/hyperref/pd1enc.def
File: pd1enc.def 2017/03/14 v6.85a Hyperref: PDFDocEncoding definition (HO)
)
\Hy@SavedSpaceFactor=\count113

(/opt/local/share/texmf-texlive/tex/latex/latexconfig/hyperref.cfg
File: hyperref.cfg 2002/06/06 v1.2 hyperref configuration of TeXLive
)
Package hyperref Info: Hyper figures OFF on input line 4498.
Package hyperref Info: Link nesting OFF on input line 4503.
Package hyperref Info: Hyper index ON on input line 4506.
Package hyperref Info: Plain pages OFF on input line 4513.
Package hyperref Info: Backreferencing OFF on input line 4518.
Package hyperref Info: Implicit mode ON; LaTeX internals redefined.
Package hyperref Info: Bookmarks ON on input line 4751.
LaTeX Info: Redefining \href on input line 5015.
\c@Hy@tempcnt=\count114
LaTeX Info: Redefining \url on input line 5104.
\XeTeXLinkMargin=\dimen124
\Fld@menulength=\count115
\Field@Width=\dimen125
\Fld@charsize=\dimen126
Package hyperref Info: Hyper figures OFF on input line 6358.
Package hyperref Info: Link nesting OFF on input line 6363.
Package hyperref Info: Hyper index ON on input line 6366.
Package hyperref Info: backreferencing OFF on input line 6373.
Package hyperref Info: Link coloring OFF on input line 6378.
Package hyperref Info: Link coloring with OCG OFF on input line 6383.
Package hyperref Info: PDF/A mode OFF on input line 6388.
LaTeX Info: Redefining \ref on input line 6428.
LaTeX Info: Redefining \pageref on input line 6432.
\Hy@abspage=\count116
\c@Item=\count117
\c@Hfootnote=\count118
)

Package hyperref Message: Driver (autodetected): hpdftex.

(/opt/local/share/texmf-texlive/tex/latex/hyperref/hpdftex.def
File: hpdftex.def 2017/03/14 v6.85a Hyperref driver for pdfTeX
\Fld@listcount=\count119
\c@bookmark@seq@number=\count120

(/opt/local/share/texmf-texlive/tex/latex/oberdiek/rerunfilecheck.sty
Package: rerunfilecheck 2016/05/16 v1.8 Rerun checks for auxiliary files (HO)
Package uniquecounter Info: New unique counter `rerunfilecheck' on input line 2
82.
)
\Hy@SectionHShift=\skip65
)
(/opt/local/share/texmf-texlive/tex/latex/fancyhdr/fancyhdr.sty
Package: fancyhdr 2016/09/06 3.8 Extensive control of page headers and footers
\fancy@headwidth=\skip66
\f@ncyO@elh=\skip67
\f@ncyO@erh=\skip68
\f@ncyO@olh=\skip69
\f@ncyO@orh=\skip70
\f@ncyO@elf=\skip71
\f@ncyO@erf=\skip72
\f@ncyO@olf=\skip73
\f@ncyO@orf=\skip74
)
(/opt/local/share/texmf-texlive/tex/latex/xcolor/xcolor.sty
Package: xcolor 2016/05/11 v2.12 LaTeX color extensions (UK)

(/opt/local/share/texmf-texlive/tex/latex/graphics-cfg/color.cfg
File: color.cfg 2016/01/02 v1.6 sample color configuration
)
Package xcolor Info: Driver file: pdftex.def on input line 225.
Package xcolor Info: Model `cmy' substituted by `cmy0' on input line 1348.
Package xcolor Info: Model `hsb' substituted by `rgb' on input line 1352.
Package xcolor Info: Model `RGB' extended on input line 1364.
Package xcolor Info: Model `HTML' substituted by `rgb' on input line 1366.
Package xcolor Info: Model `Hsb' substituted by `hsb' on input line 1367.
Package xcolor Info: Model `tHsb' substituted by `hsb' on input line 1368.
Package xcolor Info: Model `HSB' substituted by `hsb' on input line 1369.
Package xcolor Info: Model `Gray' substituted by `gray' on input line 1370.
Package xcolor Info: Model `wave' substituted by `hsb' on input line 1371.
)
(/opt/local/share/texmf-texlive/tex/latex/float/float.sty
Package: float 2001/11/08 v1.3d Float enhancements (AL)
\c@float@type=\count121
\float@exts=\toks25
\float@box=\box43
\@float@everytoks=\toks26
\@floatcapt=\box44
)
(/opt/local/share/texmf-texlive/tex/latex/lipsum/lipsum.sty
Package: lipsum 2014/07/27 v1.3 150 paragraphs of Lorem Ipsum dummy text
\c@lips@count=\count122
)
(/opt/local/share/texmf-texlive/tex/latex/titlesec/titlesec.sty
Package: titlesec 2016/03/21 v2.10.2 Sectioning titles
\ttl@box=\box45
\beforetitleunit=\skip75
\aftertitleunit=\skip76
\ttl@plus=\dimen127
\ttl@minus=\dimen128
\ttl@toksa=\toks27
\titlewidth=\dimen129
\titlewidthlast=\dimen130
\titlewidthfirst=\dimen131
)
Package hyperref Info: Option `colorlinks' set `true' on input line 35.
Class revtex4-2 Info: Unrecognized array package. Please update this document c
lass! (Proceeding with fingers crossed.) on input line 42.


Class revtex4-2 Warning: Repair the float package.

Class revtex4-2 Info: Robustifying \LaTeX's \boldmath command on input line 42.

Class revtex4-2 Info: cite was not loaded (OK!) on input line 42.
Class revtex4-2 Info: mcite was not loaded (OK!) on input line 42.
Class revtex4-2 Info: multicol was not loaded (OK!) on input line 42.
(./supp.aux)
\openout1 = `supp.aux'.

LaTeX Font Info:    Checking defaults for OML/cmm/m/it on input line 42.
LaTeX Font Info:    ... okay on input line 42.
LaTeX Font Info:    Checking defaults for T1/cmr/m/n on input line 42.
LaTeX Font Info:    ... okay on input line 42.
LaTeX Font Info:    Checking defaults for OT1/cmr/m/n on input line 42.
LaTeX Font Info:    ... okay on input line 42.
LaTeX Font Info:    Checking defaults for OMS/cmsy/m/n on input line 42.
LaTeX Font Info:    ... okay on input line 42.
LaTeX Font Info:    Checking defaults for OMX/cmex/m/n on input line 42.
LaTeX Font Info:    ... okay on input line 42.
LaTeX Font Info:    Checking defaults for U/cmr/m/n on input line 42.
LaTeX Font Info:    ... okay on input line 42.
LaTeX Font Info:    Checking defaults for PD1/pdf/m/n on input line 42.
LaTeX Font Info:    ... okay on input line 42.

(/opt/local/share/texmf-texlive/tex/context/base/mkii/supp-pdf.mkii
[Loading MPS to PDF converter (version 2006.09.02).]
\scratchcounter=\count123
\scratchdimen=\dimen132
\scratchbox=\box46
\nofMPsegments=\count124
\nofMParguments=\count125
\everyMPshowfont=\toks28
\MPscratchCnt=\count126
\MPscratchDim=\dimen133
\MPnumerator=\count127
\makeMPintoPDFobject=\count128
\everyMPtoPDFconversion=\toks29
) (/opt/local/share/texmf-texlive/tex/latex/oberdiek/epstopdf-base.sty
Package: epstopdf-base 2016/05/15 v2.6 Base part for package epstopdf

(/opt/local/share/texmf-texlive/tex/latex/oberdiek/grfext.sty
Package: grfext 2016/05/16 v1.2 Manage graphics extensions (HO)
)
Package epstopdf-base Info: Redefining graphics rule for `.eps' on input line 4
38.
Package grfext Info: Graphics extension search list:
(grfext)             [.png,.pdf,.jpg,.mps,.jpeg,.jbig2,.jb2,.PNG,.PDF,.JPG,.JPE
G,.JBIG2,.JB2,.eps]
(grfext)             \AppendGraphicsExtensions on input line 456.

(/opt/local/share/texmf-texlive/tex/latex/latexconfig/epstopdf-sys.cfg
File: epstopdf-sys.cfg 2010/07/13 v1.3 Configuration of (r)epstopdf for TeX Liv
e
))
ABD: EverySelectfont initializing macros
LaTeX Info: Redefining \selectfont on input line 42.

*geometry* driver: auto-detecting
*geometry* detected driver: pdftex
*geometry* verbose mode - [ preamble ] result:
* driver: pdftex
* paper: <default>
* layout: <same size as paper>
* layoutoffset:(h,v)=(0.0pt,0.0pt)
* modes: 
* h-part:(L,W,R)=(65.04256pt, 484.20988pt, 65.04256pt)
* v-part:(T,H,B)=(61.42993pt, 668.4975pt, 65.04256pt)
* \paperwidth=614.295pt
* \paperheight=794.96999pt
* \textwidth=484.20988pt
* \textheight=668.4975pt
* \oddsidemargin=-7.22743pt
* \evensidemargin=-7.22743pt
* \topmargin=-51.84006pt
* \headheight=25.0pt
* \headsep=16.0pt
* \topskip=10.0pt
* \footskip=30.0pt
* \marginparwidth=30.0pt
* \marginparsep=6.0pt
* \columnsep=18.0pt
* \skip\footins=39.0pt plus 4.0pt minus 12.0pt
* \hoffset=0.0pt
* \voffset=0.0pt
* \mag=1000
* \@twocolumnfalse
* \@twosidefalse
* \@mparswitchfalse
* \@reversemarginfalse
* (1in=72.27pt=25.4mm, 1cm=28.453pt)

\AtBeginShipoutBox=\box47
Package hyperref Info: Link coloring ON on input line 42.
(/opt/local/share/texmf-texlive/tex/latex/hyperref/nameref.sty
Package: nameref 2016/05/21 v2.44 Cross-referencing by name of section

(/opt/local/share/texmf-texlive/tex/generic/oberdiek/gettitlestring.sty
Package: gettitlestring 2016/05/16 v1.5 Cleanup title references (HO)
)
\c@section@level=\count129
)
LaTeX Info: Redefining \ref on input line 42.
LaTeX Info: Redefining \pageref on input line 42.
LaTeX Info: Redefining \nameref on input line 42.

(./supp.out) (./supp.out)
\@outlinefile=\write5
\openout5 = `supp.out'.

Class revtex4-2 Info: Taking \maketitle back from hyperref on input line 42.
\openout3 = `suppNotes.bib'.



Package hyperref Warning: The anchor of a bookmark and its parent's must not
(hyperref)                be the same. Added a new anchor on input line 45.

LaTeX Font Info:    Try loading font information for U+msa on input line 46.
(/opt/local/share/texmf-texlive/tex/latex/amsfonts/umsa.fd
File: umsa.fd 2013/01/14 v3.01 AMS symbols A
)
LaTeX Font Info:    Try loading font information for U+msb on input line 46.

(/opt/local/share/texmf-texlive/tex/latex/amsfonts/umsb.fd
File: umsb.fd 2013/01/14 v3.01 AMS symbols B
)

Package natbib Warning: Citation `COSY' on page 1 undefined on input line 47.


Package natbib Warning: Citation `PhysRevC.69.022201' on page 1 undefined on in
put line 47.


LaTeX Warning: Reference `fig:fig1' on page 1 undefined on input line 48.


LaTeX Warning: Reference `fig:fig2' on page 1 undefined on input line 48.


Package natbib Warning: Citation `cyero_phdthesis' on page 1 undefined on input
 line 52.

<plots/hms_acc_3288.png, id=4, 1067.99pt x 950.55125pt>
File: plots/hms_acc_3288.png Graphic file (type png)

<use plots/hms_acc_3288.png>
Package pdftex.def Info: plots/hms_acc_3288.png used on input line 54.
(pdftex.def)             Requested size: 384.4761pt x 342.1982pt.

<plots/shms_acc_3288.png, id=6, 1082.0425pt x 949.5475pt>
File: plots/shms_acc_3288.png Graphic file (type png)

<use plots/shms_acc_3288.png>
Package pdftex.def Info: plots/shms_acc_3288.png used on input line 63.
(pdftex.def)             Requested size: 389.535pt x 341.83684pt.


LaTeX Warning: Reference `fig:fig1' on page 1 undefined on input line 64.

[1{/opt/local/var/db/texmf/fonts/map/pdftex/updmap/pdftex.map}pdfTeX warning (e
xt4): destination with the same identifier (name{figure.1}) has been already us
ed, duplicate ignored

\AtBegShi@Output ...ipout \box \AtBeginShipoutBox 
                                                  \fi \fi 
l.67 \section{\large Event Selection Cuts}
                                           <./plots/hms_acc_3288.png>]

LaTeX Warning: Reference `fig:fig1' on page 2 undefined on input line 68.


LaTeX Warning: Reference `fig:fig5' on page 2 undefined on input line 68.

<plots/Em_and_Q2_CUT_80MeV_35deg.png, id=31, 1094.0875pt x 439.6425pt>
File: plots/Em_and_Q2_CUT_80MeV_35deg.png Graphic file (type png)

<use plots/Em_and_Q2_CUT_80MeV_35deg.png>
Package pdftex.def Info: plots/Em_and_Q2_CUT_80MeV_35deg.png used on input line
 73.
(pdftex.def)             Requested size: 382.93636pt x 153.87717pt.

<plots/deltaAcc_and_ZtarCUT_80MeV_35deg.png, id=32, 1279.78125pt x 515.9275pt>
File: plots/deltaAcc_and_ZtarCUT_80MeV_35deg.png Graphic file (type png)

<use plots/deltaAcc_and_ZtarCUT_80MeV_35deg.png>
Package pdftex.def Info: plots/deltaAcc_and_ZtarCUT_80MeV_35deg.png used on inp
ut line 78.
(pdftex.def)             Requested size: 422.32912pt x 170.25659pt.

<plots/coin_and_eCal_CUT_80MeV_35deg.png, id=33, 1017.8025pt x 408.52625pt>
File: plots/coin_and_eCal_CUT_80MeV_35deg.png Graphic file (type png)

<use plots/coin_and_eCal_CUT_80MeV_35deg.png>
Package pdftex.def Info: plots/coin_and_eCal_CUT_80MeV_35deg.png used on input 
line 82.
(pdftex.def)             Requested size: 305.34311pt x 122.55882pt.

<plots/collimator_CUT_80MeV_35deg_data.png, id=34, 1232.605pt x 408.52625pt>
File: plots/collimator_CUT_80MeV_35deg_data.png Graphic file (type png)

<use plots/collimator_CUT_80MeV_35deg_data.png>
Package pdftex.def Info: plots/collimator_CUT_80MeV_35deg_data.png used on inpu
t line 85.
(pdftex.def)             Requested size: 369.78435pt x 122.55882pt.

<plots/collimator_CUT_80MeV_35deg_SIMC.png, id=35, 1152.305pt x 385.44pt>
File: plots/collimator_CUT_80MeV_35deg_SIMC.png Graphic file (type png)

<use plots/collimator_CUT_80MeV_35deg_SIMC.png>
Package pdftex.def Info: plots/collimator_CUT_80MeV_35deg_SIMC.png used on inpu
t line 89.
(pdftex.def)             Requested size: 345.69417pt x 115.63289pt.


LaTeX Warning: Reference `fig:fig4' on page 2 undefined on input line 90.


LaTeX Warning: Float too large for page by 15.82585pt on input line 92.

[2pdfTeX warning (ext4): destination with the same identifier (name{figure.2}) 
has been already used, duplicate ignored

\AtBegShi@Output ...ipout \box \AtBeginShipoutBox 
                                                  \fi \fi 
l.93 \clearpage
               pdfTeX warning (ext4): destination with the same identifier (nam
e{figure.3}) has been already used, duplicate ignored

\AtBegShi@Output ...ipout \box \AtBeginShipoutBox 
                                                  \fi \fi 
l.93 \clearpage
                <./plots/shms_acc_3288.png> <./plots/Em_and_Q2_CUT_80MeV_35deg.
png>] [3pdfTeX warning (ext4): destination with the same identifier (name{figur
e.4}) has been already used, duplicate ignored

\AtBegShi@Output ...ipout \box \AtBeginShipoutBox 
                                                  \fi \fi 
l.94 ...{\large Deuteron Kinematic Distributions }
                                                  pdfTeX warning (ext4): destin
ation with the same identifier (name{figure.5}) has been already used, duplicat
e ignored

\AtBegShi@Output ...ipout \box \AtBeginShipoutBox 
                                                  \fi \fi 
l.94 ...{\large Deuteron Kinematic Distributions }
                                                  pdfTeX warning (ext4): destin
ation with the same identifier (name{figure.6}) has been already used, duplicat
e ignored

\AtBegShi@Output ...ipout \box \AtBeginShipoutBox 
                                                  \fi \fi 
l.94 ...{\large Deuteron Kinematic Distributions }
                                                  pdfTeX warning (ext4): destin
ation with the same identifier (name{figure.7}) has been already used, duplicat
e ignored

\AtBegShi@Output ...ipout \box \AtBeginShipoutBox 
                                                  \fi \fi 
l.94 ...{\large Deuteron Kinematic Distributions }
                                                   <./plots/deltaAcc_and_ZtarCU
T_80MeV_35deg.png> <./plots/coin_and_eCal_CUT_80MeV_35deg.png> <./plots/collima
tor_CUT_80MeV_35deg_data.png> <./plots/collimator_CUT_80MeV_35deg_SIMC.png>]

LaTeX Warning: Reference `fig:fig8' on page 4 undefined on input line 95.


LaTeX Warning: Reference `fig:fig9' on page 4 undefined on input line 95.

<plots/d2_kin_thnq35.png, id=58, 909.3975pt x 674.52pt>
File: plots/d2_kin_thnq35.png Graphic file (type png)

<use plots/d2_kin_thnq35.png>
Package pdftex.def Info: plots/d2_kin_thnq35.png used on input line 100.
(pdftex.def)             Requested size: 363.75256pt x 269.80322pt.

<plots/d2_kin_thnq45.png, id=59, 1019.81pt x 652.4375pt>
File: plots/d2_kin_thnq45.png Graphic file (type png)

<use plots/d2_kin_thnq45.png>
Package pdftex.def Info: plots/d2_kin_thnq45.png used on input line 103.
(pdftex.def)             Requested size: 356.93884pt x 228.35654pt.


LaTeX Warning: Reference `fig:fig8' on page 4 undefined on input line 104.

[4pdfTeX warning (ext4): destination with the same identifier (name{figure.8}) 
has been already used, duplicate ignored

\AtBegShi@Output ...ipout \box \AtBeginShipoutBox 
                                                  \fi \fi 
l.108 ...l Endcaps Contribution to the Data Yield}
                                                  pdfTeX warning (ext4): destin
ation with the same identifier (name{figure.9}) has been already used, duplicat
e ignored

\AtBegShi@Output ...ipout \box \AtBeginShipoutBox 
                                                  \fi \fi 
l.108 ...l Endcaps Contribution to the Data Yield}
                                                   <./plots/d2_kin_thnq35.png> 
<./plots/d2_kin_thnq45.png>]

LaTeX Warning: Reference `fig:fig10' on page 5 undefined on input line 115.

<plots/tgt_bkg_d2_pm580_allthnq.png, id=69, 1278.7775pt x 537.00626pt>
File: plots/tgt_bkg_d2_pm580_allthnq.png Graphic file (type png)

<use plots/tgt_bkg_d2_pm580_allthnq.png>
Package pdftex.def Info: plots/tgt_bkg_d2_pm580_allthnq.png used on input line 
119.
(pdftex.def)             Requested size: 447.57883pt x 187.955pt.


LaTeX Warning: Reference `fig:fig11' on page 5 undefined on input line 127.

<plots/RC_factor.png, id=70, 1157.32375pt x 404.51125pt>
File: plots/RC_factor.png Graphic file (type png)

<use plots/RC_factor.png>
Package pdftex.def Info: plots/RC_factor.png used on input line 130.
(pdftex.def)             Requested size: 462.9213pt x 161.80162pt.


LaTeX Warning: Reference `fig:fig12' on page 5 undefined on input line 136.

<plots/BC_factor.png, id=71, 1168.365pt x 419.5675pt>
File: plots/BC_factor.png Graphic file (type png)

<use plots/BC_factor.png>
Package pdftex.def Info: plots/BC_factor.png used on input line 138.
(pdftex.def)             Requested size: 467.33772pt x 167.82402pt.
 [5pdfTeX warning (ext4): destination with the same identifier (name{figure.10}
) has been already used, duplicate ignored

\AtBegShi@Output ...ipout \box \AtBeginShipoutBox 
                                                  \fi \fi 
l.143 ...Radiative and Bin-Centering Corrections }
                                                  pdfTeX warning (ext4): destin
ation with the same identifier (name{figure.11}) has been already used, duplica
te ignored

\AtBegShi@Output ...ipout \box \AtBeginShipoutBox 
                                                  \fi \fi 
l.143 ...Radiative and Bin-Centering Corrections }
                                                   <./plots/tgt_bkg_d2_pm580_al
lthnq.png> <./plots/RC_factor.png>]

Package natbib Warning: Citation `barlow2002systematic' on page 6 undefined on 
input line 146.


Package natbib Warning: Citation `barlow2002systematic' on page 6 undefined on 
input line 156.


Package natbib Warning: Citation `barlow2017' on page 6 undefined on input line
 162.


LaTeX Warning: Reference `fig:fig13' on page 6 undefined on input line 164.


LaTeX Warning: Reference `fig:fig13' on page 6 undefined on input line 165.


Package natbib Warning: Citation `cyero_phdthesis' on page 6 undefined on input
 line 168.

<plots/Em_syst.png, id=80, 989.6975pt x 424.58624pt>
File: plots/Em_syst.png Graphic file (type png)
 <use plots/Em_syst.png>
Package pdftex.def Info: plots/Em_syst.png used on input line 171.
(pdftex.def)             Requested size: 395.87198pt x 169.83148pt.

[6pdfTeX warning (ext4): destination with the same identifier (name{figure.12})
 has been already used, duplicate ignored

\AtBegShi@Output ...ipout \box \AtBeginShipoutBox 
                                                  \fi \fi 
l.176 \indent
              The systematic effect on the cross sections due to model depen...
 <./plots/BC_factor.png>]
<plots/rad_sys.png, id=91, 1269.74374pt x 464.73625pt>
File: plots/rad_sys.png Graphic file (type png)
 <use plots/rad_sys.png>
Package pdftex.def Info: plots/rad_sys.png used on input line 179.
(pdftex.def)             Requested size: 419.01672pt x 153.36343pt.

<plots/bc_sys.png, id=92, 1269.74374pt x 465.74pt>
File: plots/bc_sys.png Graphic file (type png)
 <use plots/bc_sys.png>
Package pdftex.def Info: plots/bc_sys.png used on input line 182.
(pdftex.def)             Requested size: 419.01672pt x 153.69467pt.


LaTeX Warning: Reference `fig:fig14' on page 7 undefined on input line 183.

[7pdfTeX warning (ext4): destination with the same identifier (name{figure.13})
 has been already used, duplicate ignored

\AtBegShi@Output ...ipout \box \AtBeginShipoutBox 
                                                  \fi \fi 
l.187 F
       igures \ref{fig:fig14} and \ref{fig:fig15} show the Barlow ratio for ...
pdfTeX warning (ext4): destination with the same identifier (name{figure.14}) h
as been already used, duplicate ignored

\AtBegShi@Output ...ipout \box \AtBeginShipoutBox 
                                                  \fi \fi 
l.187 F
       igures \ref{fig:fig14} and \ref{fig:fig15} show the Barlow ratio for ...
pdfTeX warning (ext4): destination with the same identifier (name{figure.15}) h
as been already used, duplicate ignored

\AtBegShi@Output ...ipout \box \AtBeginShipoutBox 
                                                  \fi \fi 
l.187 F
       igures \ref{fig:fig14} and \ref{fig:fig15} show the Barlow ratio for ...
 <./plots/Em_syst.png> <./plots/rad_sys.png> <./plots/bc_sys.png>]

LaTeX Warning: Reference `fig:fig14' on page 8 undefined on input line 187.


LaTeX Warning: Reference `fig:fig15' on page 8 undefined on input line 187.


LaTeX Warning: Reference `fig:fig16' on page 8 undefined on input line 191.


Package natbib Warning: Citation `cyero_phdthesis' on page 8 undefined on input
 line 193.

<plots/Pr_and_Ps.png, id=104, 1280.785pt x 444.66125pt>
File: plots/Pr_and_Ps.png Graphic file (type png)

<use plots/Pr_and_Ps.png>
Package pdftex.def Info: plots/Pr_and_Ps.png used on input line 195.
(pdftex.def)             Requested size: 486.70335pt x 168.97302pt.

Overfull \hbox (2.49347pt too wide) in paragraph at lines 195--196
 [][] 
 []

(./supp.bbl

LaTeX Warning: Reference `LastBibItem' on page 8 undefined on input line 9.


Package natbib Warning: Empty `thebibliography' environment on input line 53.

)

Package natbib Warning: There were undefined citations.

[8pdfTeX warning (ext4): destination with the same identifier (name{figure.16})
 has been already used, duplicate ignored

\AtBegShi@Output ...ipout \box \AtBeginShipoutBox 
                                                  \fi \fi 
l.204 \end{document}
                     <./plots/Pr_and_Ps.png>]
Package atveryend Info: Empty hook `AfterLastShipout' on input line 204.
 (./supp.aux)
Package atveryend Info: Executing hook `AtVeryEndDocument' on input line 204.
Package atveryend Info: Executing hook `AtEndAfterFileList' on input line 204.


Package rerunfilecheck Warning: File `supp.out' has changed.
(rerunfilecheck)                Rerun to get outlines right
(rerunfilecheck)                or use package `bookmark'.

Package rerunfilecheck Info: Checksums for `supp.out':
(rerunfilecheck)             Before: D41D8CD98F00B204E9800998ECF8427E;0
(rerunfilecheck)             After:  A28D0E468A8AA27B7866C44B1E61F922;783.

LaTeX Warning: There were undefined references.


LaTeX Warning: Label(s) may have changed. Rerun to get cross-references right .


 ) 
Here is how much of TeX's memory you used:
 9710 strings out of 494108
 135460 string characters out of 6155655
 350850 words of memory out of 5000000
 12902 multiletter control sequences out of 15000+600000
 13649 words of font info for 51 fonts, out of 8000000 for 9000
 433 hyphenation exceptions out of 8191
 28i,9n,43p,763b,359s stack positions out of 5000i,500n,10000p,200000b,80000s
</opt/local/share/texmf-texlive/fonts/type1/public/amsfonts/cm/cmbx10.pfb></o
pt/local/share/texmf-texlive/fonts/type1/public/amsfonts/cm/cmbx12.pfb></opt/lo
cal/share/texmf-texlive/fonts/type1/public/amsfonts/cm/cmbx9.pfb></opt/local/sh
are/texmf-texlive/fonts/type1/public/amsfonts/cm/cmmi10.pfb></opt/local/share/t
exmf-texlive/fonts/type1/public/amsfonts/cm/cmmi5.pfb></opt/local/share/texmf-t
exlive/fonts/type1/public/amsfonts/cm/cmmi6.pfb></opt/local/share/texmf-texlive
/fonts/type1/public/amsfonts/cm/cmmi7.pfb></opt/local/share/texmf-texlive/fonts
/type1/public/amsfonts/cm/cmmi9.pfb></opt/local/share/texmf-texlive/fonts/type1
/public/amsfonts/cm/cmr10.pfb></opt/local/share/texmf-texlive/fonts/type1/publi
c/amsfonts/cm/cmr5.pfb></opt/local/share/texmf-texlive/fonts/type1/public/amsfo
nts/cm/cmr6.pfb></opt/local/share/texmf-texlive/fonts/type1/public/amsfonts/cm/
cmr7.pfb></opt/local/share/texmf-texlive/fonts/type1/public/amsfonts/cm/cmr9.pf
b></opt/local/share/texmf-texlive/fonts/type1/public/amsfonts/cm/cmsy10.pfb></o
pt/local/share/texmf-texlive/fonts/type1/public/amsfonts/cm/cmsy6.pfb></opt/loc
al/share/texmf-texlive/fonts/type1/public/amsfonts/cm/cmsy7.pfb></opt/local/sha
re/texmf-texlive/fonts/type1/public/amsfonts/cm/cmsy9.pfb></opt/local/share/tex
mf-texlive/fonts/type1/public/amsfonts/symbols/msam10.pfb>
Output written on supp.pdf (8 pages, 4637252 bytes).
PDF statistics:
 178 PDF objects out of 1000 (max. 8388607)
 116 compressed objects within 2 object streams
 32 named destinations out of 1000 (max. 500000)
 81 words of extra memory for PDF output out of 10000 (max. 10000000)

